<?xml version="1.0" encoding="UTF-8"?>
<testng-results ignored="0" total="4" passed="4" failed="0" skipped="0">
  <reporter-output>
  </reporter-output>
  <suite started-at="2019-08-20T09:33:49Z" name="Default suite" finished-at="2019-08-20T09:33:49Z" duration-ms="57">
    <groups>
    </groups>
    <test started-at="2019-08-20T09:33:49Z" name="Default test" finished-at="2019-08-20T09:33:49Z" duration-ms="57">
      <class name="test.calculator.methods.Testing">
        <test-method is-config="true" signature="MakeObjects()[pri:0, instance:test.calculator.methods.Testing@5d740a0f]" started-at="2019-08-20T09:33:44Z" name="MakeObjects" finished-at="2019-08-20T09:33:49Z" duration-ms="4873" status="PASS">
          <reporter-output>
          </reporter-output>
        </test-method> <!-- MakeObjects -->
        <test-method is-config="true" signature="TestMethods()[pri:0, instance:test.calculator.methods.Testing@5d740a0f]" started-at="2019-08-20T09:33:49Z" name="TestMethods" finished-at="2019-08-20T09:33:49Z" duration-ms="0" status="PASS">
          <reporter-output>
          </reporter-output>
        </test-method> <!-- TestMethods -->
        <test-method signature="TestAdd()[pri:0, instance:test.calculator.methods.Testing@5d740a0f]" started-at="2019-08-20T09:33:49Z" name="TestAdd" finished-at="2019-08-20T09:33:49Z" duration-ms="8" status="PASS">
          <reporter-output>
          </reporter-output>
        </test-method> <!-- TestAdd -->
        <test-method is-config="true" signature="TestMethods()[pri:0, instance:test.calculator.methods.Testing@5d740a0f]" started-at="2019-08-20T09:33:49Z" name="TestMethods" finished-at="2019-08-20T09:33:49Z" duration-ms="0" status="PASS">
          <reporter-output>
          </reporter-output>
        </test-method> <!-- TestMethods -->
        <test-method signature="TestDivide()[pri:1, instance:test.calculator.methods.Testing@5d740a0f]" started-at="2019-08-20T09:33:49Z" name="TestDivide" finished-at="2019-08-20T09:33:49Z" duration-ms="4" status="PASS">
          <reporter-output>
          </reporter-output>
        </test-method> <!-- TestDivide -->
        <test-method is-config="true" signature="TestMethods()[pri:0, instance:test.calculator.methods.Testing@5d740a0f]" started-at="2019-08-20T09:33:49Z" name="TestMethods" finished-at="2019-08-20T09:33:49Z" duration-ms="0" status="PASS">
          <reporter-output>
          </reporter-output>
        </test-method> <!-- TestMethods -->
        <test-method signature="TestMultiply()[pri:2, instance:test.calculator.methods.Testing@5d740a0f]" started-at="2019-08-20T09:33:49Z" name="TestMultiply" finished-at="2019-08-20T09:33:49Z" duration-ms="3" status="PASS">
          <reporter-output>
          </reporter-output>
        </test-method> <!-- TestMultiply -->
        <test-method is-config="true" signature="TestMethods()[pri:0, instance:test.calculator.methods.Testing@5d740a0f]" started-at="2019-08-20T09:33:49Z" name="TestMethods" finished-at="2019-08-20T09:33:49Z" duration-ms="1" status="PASS">
          <reporter-output>
          </reporter-output>
        </test-method> <!-- TestMethods -->
        <test-method signature="TestSubstract()[pri:3, instance:test.calculator.methods.Testing@5d740a0f]" started-at="2019-08-20T09:33:49Z" name="TestSubstract" finished-at="2019-08-20T09:33:49Z" duration-ms="2" status="PASS">
          <reporter-output>
          </reporter-output>
        </test-method> <!-- TestSubstract -->
        <test-method is-config="true" signature="Results()[pri:0, instance:test.calculator.methods.Testing@5d740a0f]" started-at="2019-08-20T09:33:49Z" name="Results" finished-at="2019-08-20T09:33:49Z" duration-ms="0" status="PASS">
          <reporter-output>
          </reporter-output>
        </test-method> <!-- Results -->
      </class> <!-- test.calculator.methods.Testing -->
    </test> <!-- Default test -->
  </suite> <!-- Default suite -->
</testng-results>
