<?xml version="1.0" encoding="UTF-8"?>
<!-- Generated by org.testng.reporters.JUnitXMLReporter -->
<testsuite ignored="0" hostname="ATMECSINLT-038" failures="0" tests="4" name="Default test" time="0.057" errors="0" timestamp="20 Aug 2019 09:33:49 GMT">
  <testcase classname="test.calculator.methods.Testing" name="TestAdd" time="0.008"/>
  <testcase classname="test.calculator.methods.Testing" name="TestDivide" time="0.004"/>
  <testcase classname="test.calculator.methods.Testing" name="TestMultiply" time="0.003"/>
  <testcase classname="test.calculator.methods.Testing" name="TestSubstract" time="0.002"/>
</testsuite> <!-- Default test -->
